cmake --build build/ --clean-first
[1/1] Cleaning all built files...
Cleaning... 33 files.
[1/31] Building CXX object externals/spdlog/build/CMakeFiles/spdlog.dir/Debug/src/stdout_sinks.cpp.o
[2/31] Building CXX object CMakeFiles/ear.dir/Debug/src/comm/transmitter.cpp.o
[3/31] Building CXX object CMakeFiles/ear.dir/Debug/src/sched/task.cpp.o
[4/31] Building CXX object CMakeFiles/ear.dir/Debug/src/comm/receiver.cpp.o
[5/31] Building CXX object CMakeFiles/ear.dir/Debug/src/sched/synchronizable.cpp.o
[6/31] Building CXX object CMakeFiles/ear.dir/Debug/src/comm/endpoint.cpp.o
[7/31] Building CXX object CMakeFiles/ear.dir/Debug/src/sched/scheduler.cpp.o
[8/31] Building CXX object CMakeFiles/ear.dir/Debug/src/io/controller.cpp.o
[9/31] Building CXX object CMakeFiles/ear.dir/Debug/src/io/device.cpp.o
[10/31] Building CXX object example/pipeline/CMakeFiles/pipeline-test.dir/Debug/src/serial_controller.cpp.o
[11/31] Building CXX object example/pipeline/CMakeFiles/pipeline-test.dir/Debug/src/gps_device.cpp.o
[12/31] Building CXX object externals/spdlog/build/CMakeFiles/spdlog.dir/Debug/src/cfg.cpp.o
[13/31] Building CXX object externals/spdlog/build/CMakeFiles/spdlog.dir/Debug/src/file_sinks.cpp.o
[14/31] Building CXX object externals/spdlog/build/CMakeFiles/spdlog.dir/Debug/src/color_sinks.cpp.o
[15/31] Building CXX object example/network/CMakeFiles/network-test.dir/Debug/src/serial_controller.cpp.o
[16/31] Building CXX object externals/spdlog/build/CMakeFiles/spdlog.dir/Debug/src/async.cpp.o
[17/31] Building CXX object example/pipeline/CMakeFiles/pipeline-test.dir/Debug/src/main.cpp.o
[18/31] Building CXX object example/network/CMakeFiles/network-test.dir/Debug/src/gps_device.cpp.o
[19/31] Building CXX object example/pipeline/CMakeFiles/pipeline-test.dir/Debug/src/location_service.cpp.o
[20/31] Building CXX object example/network/CMakeFiles/network-test.dir/Debug/src/main.cpp.o
[21/31] Building CXX object externals/spdlog/build/CMakeFiles/spdlog.dir/Debug/src/bundled_fmtlib_format.cpp.o
[22/31] Building CXX object example/pipeline/CMakeFiles/pipeline-test.dir/Debug/src/dcu_service.cpp.o
[23/31] Building CXX object example/network/CMakeFiles/network-test.dir/Debug/src/location_service.cpp.o
[24/31] Building CXX object example/network/CMakeFiles/network-test.dir/Debug/src/dcu_service.cpp.o
[25/31] Building CXX object externals/spdlog/build/CMakeFiles/spdlog.dir/Debug/src/spdlog.cpp.o
[26/31] Linking CXX shared library externals/spdlog/build/Debug/libspdlogd.so.1.13.0
[27/31] Creating library symlink externals/spdlog/build/Debug/libspdlogd.so.1.13 externals/spdlog/build/Debug/libspdlogd.so
[28/31] Linking CXX shared library Debug/libear.so.1.0.0
[29/31] Creating library symlink Debug/libear.so.1 Debug/libear.so
[30/31] Linking CXX executable example/pipeline/Debug/pipeline-test
[31/31] Linking CXX executable example/network/Debug/network-test